#
# There is insufficient memory for the Java Runtime Environment to continue.
# Native memory allocation (malloc) failed to allocate 32744 bytes for Chunk::new
# Possible reasons:
#   The system is out of physical RAM or swap space
#   The process is running with CompressedOops enabled, and the Java Heap may be blocking the growth of the native heap
# Possible solutions:
#   Reduce memory load on the system
#   Increase physical memory or swap space
#   Check if swap backing store is full
#   Decrease Java heap size (-Xmx/-Xms)
#   Decrease number of Java threads
#   Decrease Java thread stack sizes (-Xss)
#   Set larger code cache with -XX:ReservedCodeCacheSize=
#   JVM is running with Zero Based Compressed Oops mode in which the Java heap is
#     placed in the first 32GB address space. The Java Heap base address is the
#     maximum limit for the native heap growth. Please use -XX:HeapBaseMinAddress
#     to set the Java Heap base and to place the Java Heap above 32GB virtual address.
# This output file may be truncated or incomplete.
#
#  Out of Memory Error (arena.cpp:166), pid=54640, tid=54128
#
# JRE version: OpenJDK Runtime Environment (21.0+35) (build 21+35-2513)
# Java VM: OpenJDK 64-Bit Server VM (21+35-2513, mixed mode, sharing, tiered, compressed oops, compressed class ptrs, g1 gc, windows-amd64)
# No core dump will be written. Minidumps are not enabled by default on client versions of Windows
#

---------------  S U M M A R Y ------------

Command Line: -javaagent:C:\Program Files\JetBrains\IntelliJ IDEA Community Edition 2023.2.2\lib\idea_rt.jar=49537:C:\Program Files\JetBrains\IntelliJ IDEA Community Edition 2023.2.2\bin -Dfile.encoding=UTF-8 -Dsun.stdout.encoding=UTF-8 -Dsun.stderr.encoding=UTF-8 weather.Weather

Host: Intel(R) Core(TM) i5-8250U CPU @ 1.60GHz, 8 cores, 15G,  Windows 11 , 64 bit Build 22621 (10.0.22621.3958)
Time: Tue Nov 12 11:22:13 2024 Nepal Standard Time elapsed time: 5.502453 seconds (0d 0h 0m 5s)

---------------  T H R E A D  ---------------

Current thread (0x000001a5201792b0):  JavaThread "C2 CompilerThread0" daemon [_thread_in_native, id=54128, stack(0x00000020a7400000,0x00000020a7500000) (1024K)]


Current CompileTask:
C2:   5502 1792       4       java.lang.invoke.MethodType::methodType (69 bytes)

Stack: [0x00000020a7400000,0x00000020a7500000]
Native frames: (J=compiled Java code, j=interpreted, Vv=VM code, C=native code)
V  [jvm.dll+0x6c8d39]
V  [jvm.dll+0x854091]
V  [jvm.dll+0x85630e]
V  [jvm.dll+0x8569e3]
V  [jvm.dll+0x2809a6]
V  [jvm.dll+0xc3e6d]
V  [jvm.dll+0xc4383]
V  [jvm.dll+0x3baecd]
V  [jvm.dll+0x3ba571]
V  [jvm.dll+0x3ba5b4]
V  [jvm.dll+0x5d48fb]
V  [jvm.dll+0x5d50b5]
V  [jvm.dll+0x382274]
V  [jvm.dll+0x3816ba]
V  [jvm.dll+0x249800]
V  [jvm.dll+0x248de1]
V  [jvm.dll+0x1c9b91]
V  [jvm.dll+0x2583e9]
V  [jvm.dll+0x2569ca]
V  [jvm.dll+0x3eef66]
V  [jvm.dll+0x7fd2c8]
V  [jvm.dll+0x6c748d]
C  [ucrtbase.dll+0x29333]
C  [KERNEL32.DLL+0x1257d]
C  [ntdll.dll+0x5af08]


---------------  P R O C E S S  ---------------

Threads class SMR info:
_java_thread_list=0x000001a5209df480, length=26, elements={
0x000001a57ed99080, 0x000001a51f8e0400, 0x000001a51f8e1320, 0x000001a51f8e3910,
0x000001a51f8e6940, 0x000001a51f8e7700, 0x000001a51f8e8290, 0x000001a5201792b0,
0x000001a52019a170, 0x000001a5202a2fe0, 0x000001a5205626c0, 0x000001a5204f8940,
0x000001a5205add40, 0x000001a520929d00, 0x000001a5208b68c0, 0x000001a520af4220,
0x000001a520af4890, 0x000001a520c0fe40, 0x000001a520a4f790, 0x000001a520a4e3e0,
0x000001a520a4fe20, 0x000001a520a4ea70, 0x000001a520a504b0, 0x000001a520a4d030,
0x000001a520a4d6c0, 0x000001a520a4dd50
}

Java Threads: ( => current thread )
  0x000001a57ed99080 JavaThread "Forwarding get on session fd4635186948d7cc530adb248a2e8acf to remote"        [_thread_blocked, id=52068, stack(0x00000020a6600000,0x00000020a6700000) (1024K)]
  0x000001a51f8e0400 JavaThread "Reference Handler"          daemon [_thread_blocked, id=39400, stack(0x00000020a6e00000,0x00000020a6f00000) (1024K)]
  0x000001a51f8e1320 JavaThread "Finalizer"                  daemon [_thread_blocked, id=5032, stack(0x00000020a6f00000,0x00000020a7000000) (1024K)]
  0x000001a51f8e3910 JavaThread "Signal Dispatcher"          daemon [_thread_blocked, id=39248, stack(0x00000020a7000000,0x00000020a7100000) (1024K)]
  0x000001a51f8e6940 JavaThread "Attach Listener"            daemon [_thread_blocked, id=46476, stack(0x00000020a7100000,0x00000020a7200000) (1024K)]
  0x000001a51f8e7700 JavaThread "Service Thread"             daemon [_thread_blocked, id=42660, stack(0x00000020a7200000,0x00000020a7300000) (1024K)]
  0x000001a51f8e8290 JavaThread "Monitor Deflation Thread"   daemon [_thread_blocked, id=48080, stack(0x00000020a7300000,0x00000020a7400000) (1024K)]
=>0x000001a5201792b0 JavaThread "C2 CompilerThread0"         daemon [_thread_in_native, id=54128, stack(0x00000020a7400000,0x00000020a7500000) (1024K)]
  0x000001a52019a170 JavaThread "C1 CompilerThread0"         daemon [_thread_blocked, id=54668, stack(0x00000020a7500000,0x00000020a7600000) (1024K)]
  0x000001a5202a2fe0 JavaThread "Common-Cleaner"             daemon [_thread_blocked, id=26104, stack(0x00000020a7600000,0x00000020a7700000) (1024K)]
  0x000001a5205626c0 JavaThread "Monitor Ctrl-Break"         daemon [_thread_in_native, id=55312, stack(0x00000020a7800000,0x00000020a7900000) (1024K)]
  0x000001a5204f8940 JavaThread "Notification Thread"        daemon [_thread_blocked, id=55316, stack(0x00000020a7900000,0x00000020a7a00000) (1024K)]
  0x000001a5205add40 JavaThread "ForkJoinPool.commonPool-worker-1" daemon [_thread_blocked, id=55604, stack(0x00000020a7700000,0x00000020a7800000) (1024K)]
  0x000001a520929d00 JavaThread "HttpClient-1-SelectorManager" daemon [_thread_in_native, id=55684, stack(0x00000020a7b00000,0x00000020a7c00000) (1024K)]
  0x000001a5208b68c0 JavaThread "External Process Output Forwarder - C:\Users\bibek\.cache\selenium\chromedriver\win64\130.0.6723.116\chromedriver.exe" daemon [_thread_in_native, id=55740, stack(0x00000020a8300000,0x00000020a8400000) (1024K)]
  0x000001a520af4220 JavaThread "Driver Service Executor"    daemon [_thread_blocked, id=55744, stack(0x00000020a8400000,0x00000020a8500000) (1024K)]
  0x000001a520af4890 JavaThread "Driver Service Executor"    daemon [_thread_in_native, id=55748, stack(0x00000020a8500000,0x00000020a8600000) (1024K)]
  0x000001a520c0fe40 JavaThread "UrlChecker-2"               daemon [_thread_blocked, id=55768, stack(0x00000020a8600000,0x00000020a8700000) (1024K)]
  0x000001a520a4f790 JavaThread "Keep-Alive-Timer"           daemon [_thread_blocked, id=55820, stack(0x00000020a7a00000,0x00000020a7b00000) (1024K)]
  0x000001a520a4e3e0 JavaThread "pool-1-thread-1"                   [_thread_blocked, id=55900, stack(0x00000020a8800000,0x00000020a8900000) (1024K)]
  0x000001a520a4fe20 JavaThread "pool-1-thread-2"                   [_thread_blocked, id=55904, stack(0x00000020a8900000,0x00000020a8a00000) (1024K)]
  0x000001a520a4ea70 JavaThread "pool-1-thread-3"                   [_thread_blocked, id=55908, stack(0x00000020a8a00000,0x00000020a8b00000) (1024K)]
  0x000001a520a504b0 JavaThread "HttpClient-2-SelectorManager" daemon [_thread_in_native, id=49852, stack(0x00000020a8b00000,0x00000020a8c00000) (1024K)]
  0x000001a520a4d030 JavaThread "pool-2-thread-1"                   [_thread_blocked, id=53824, stack(0x00000020a8c00000,0x00000020a8d00000) (1024K)]
  0x000001a520a4d6c0 JavaThread "pool-2-thread-2"                   [_thread_blocked, id=53108, stack(0x00000020a8d00000,0x00000020a8e00000) (1024K)]
  0x000001a520a4dd50 JavaThread "pool-2-thread-3"                   [_thread_blocked, id=17884, stack(0x00000020a8e00000,0x00000020a8f00000) (1024K)]
Total: 26

Other Threads:
  0x000001a51f8c39a0 VMThread "VM Thread"                           [id=34172, stack(0x00000020a6d00000,0x00000020a6e00000) (1024K)]
  0x000001a51f8ac5c0 WatcherThread "VM Periodic Task Thread"        [id=35516, stack(0x00000020a6c00000,0x00000020a6d00000) (1024K)]
  0x000001a57ef26fc0 WorkerThread "GC Thread#0"                     [id=54912, stack(0x00000020a6700000,0x00000020a6800000) (1024K)]
  0x000001a520ac1090 WorkerThread "GC Thread#1"                     [id=55704, stack(0x00000020a7c00000,0x00000020a7d00000) (1024K)]
  0x000001a520cebf00 WorkerThread "GC Thread#2"                     [id=55708, stack(0x00000020a7d00000,0x00000020a7e00000) (1024K)]
  0x000001a5209f1fa0 WorkerThread "GC Thread#3"                     [id=55712, stack(0x00000020a7e00000,0x00000020a7f00000) (1024K)]
  0x000001a5209f2740 WorkerThread "GC Thread#4"                     [id=55716, stack(0x00000020a7f00000,0x00000020a8000000) (1024K)]
  0x000001a566368c50 WorkerThread "GC Thread#5"                     [id=55720, stack(0x00000020a8000000,0x00000020a8100000) (1024K)]
  0x000001a520b01d90 WorkerThread "GC Thread#6"                     [id=55724, stack(0x00000020a8100000,0x00000020a8200000) (1024K)]
  0x000001a520d0b5b0 WorkerThread "GC Thread#7"                     [id=55728, stack(0x00000020a8200000,0x00000020a8300000) (1024K)]
  0x000001a57ef75010 ConcurrentGCThread "G1 Main Marker"            [id=54480, stack(0x00000020a6800000,0x00000020a6900000) (1024K)]
  0x000001a57ef761c0 WorkerThread "G1 Conc#0"                       [id=55268, stack(0x00000020a6900000,0x00000020a6a00000) (1024K)]
  0x000001a51f77b570 ConcurrentGCThread "G1 Refine#0"               [id=54392, stack(0x00000020a6a00000,0x00000020a6b00000) (1024K)]
  0x000001a51f77bff0 ConcurrentGCThread "G1 Service"                [id=47684, stack(0x00000020a6b00000,0x00000020a6c00000) (1024K)]
Total: 14

Threads with active compile tasks:
C2 CompilerThread0     5571 1792       4       java.lang.invoke.MethodType::methodType (69 bytes)
Total: 1

VM state: not at safepoint (normal execution)

VM Mutex/Monitor currently owned by a thread: None

Heap address: 0x0000000702200000, size: 4062 MB, Compressed Oops mode: Zero based, Oop shift amount: 3

CDS archive(s) mapped at: [0x000001a521000000-0x000001a521c90000-0x000001a521c90000), size 13172736, SharedBaseAddress: 0x000001a521000000, ArchiveRelocationMode: 1.
Compressed class space mapped at: 0x000001a522000000-0x000001a562000000, reserved size: 1073741824
Narrow klass base: 0x000001a521000000, Narrow klass shift: 0, Narrow klass range: 0x100000000

GC Precious Log:
 CardTable entry size: 512
 Card Set container configuration: InlinePtr #cards 4 size 8 Array Of Cards #cards 16 size 48 Howl #buckets 8 coarsen threshold 3686 Howl Bitmap #cards 512 size 80 coarsen threshold 460 Card regions per heap region 1 cards per card region 4096
 CPUs: 8 total, 8 available
 Memory: 16243M
 Large Page Support: Disabled
 NUMA Support: Disabled
 Compressed Oops: Enabled (Zero based)
 Heap Region Size: 2M
 Heap Min Capacity: 8M
 Heap Initial Capacity: 254M
 Heap Max Capacity: 4062M
 Pre-touch: Disabled
 Parallel Workers: 8
 Concurrent Workers: 2
 Concurrent Refinement Workers: 8
 Periodic GC: Disabled

Heap:
 garbage-first heap   total 260096K, used 13937K [0x0000000702200000, 0x0000000800000000)
  region size 2048K, 7 young (14336K), 2 survivors (4096K)
 Metaspace       used 12307K, committed 12672K, reserved 1114112K
  class space    used 1462K, committed 1600K, reserved 1048576K

Heap Regions: E=young(eden), S=young(survivor), O=old, HS=humongous(starts), HC=humongous(continues), CS=collection set, F=free, TAMS=top-at-mark-start, PB=parsable bottom
|   0|0x0000000702200000, 0x000000070239c600, 0x0000000702400000| 80%| O|  |TAMS 0x0000000702200000| PB 0x0000000702200000| Untracked 
|   1|0x0000000702400000, 0x0000000702400000, 0x0000000702600000|  0%| F|  |TAMS 0x0000000702400000| PB 0x0000000702400000| Untracked 
|   2|0x0000000702600000, 0x0000000702600000, 0x0000000702800000|  0%| F|  |TAMS 0x0000000702600000| PB 0x0000000702600000| Untracked 
|   3|0x0000000702800000, 0x0000000702800000, 0x0000000702a00000|  0%| F|  |TAMS 0x0000000702800000| PB 0x0000000702800000| Untracked 
|   4|0x0000000702a00000, 0x0000000702a00000, 0x0000000702c00000|  0%| F|  |TAMS 0x0000000702a00000| PB 0x0000000702a00000| Untracked 
|   5|0x0000000702c00000, 0x0000000702c00000, 0x0000000702e00000|  0%| F|  |TAMS 0x0000000702c00000| PB 0x0000000702c00000| Untracked 
|   6|0x0000000702e00000, 0x0000000702e00000, 0x0000000703000000|  0%| F|  |TAMS 0x0000000702e00000| PB 0x0000000702e00000| Untracked 
|   7|0x0000000703000000, 0x0000000703000000, 0x0000000703200000|  0%| F|  |TAMS 0x0000000703000000| PB 0x0000000703000000| Untracked 
|   8|0x0000000703200000, 0x0000000703200000, 0x0000000703400000|  0%| F|  |TAMS 0x0000000703200000| PB 0x0000000703200000| Untracked 
|   9|0x0000000703400000, 0x0000000703400000, 0x0000000703600000|  0%| F|  |TAMS 0x0000000703400000| PB 0x0000000703400000| Untracked 
|  10|0x0000000703600000, 0x0000000703600000, 0x0000000703800000|  0%| F|  |TAMS 0x0000000703600000| PB 0x0000000703600000| Untracked 
|  11|0x0000000703800000, 0x0000000703800000, 0x0000000703a00000|  0%| F|  |TAMS 0x0000000703800000| PB 0x0000000703800000| Untracked 
|  12|0x0000000703a00000, 0x0000000703a00000, 0x0000000703c00000|  0%| F|  |TAMS 0x0000000703a00000| PB 0x0000000703a00000| Untracked 
|  13|0x0000000703c00000, 0x0000000703c00000, 0x0000000703e00000|  0%| F|  |TAMS 0x0000000703c00000| PB 0x0000000703c00000| Untracked 
|  14|0x0000000703e00000, 0x0000000703e00000, 0x0000000704000000|  0%| F|  |TAMS 0x0000000703e00000| PB 0x0000000703e00000| Untracked 
|  15|0x0000000704000000, 0x0000000704000000, 0x0000000704200000|  0%| F|  |TAMS 0x0000000704000000| PB 0x0000000704000000| Untracked 
|  16|0x0000000704200000, 0x0000000704200000, 0x0000000704400000|  0%| F|  |TAMS 0x0000000704200000| PB 0x0000000704200000| Untracked 
|  17|0x0000000704400000, 0x0000000704400000, 0x0000000704600000|  0%| F|  |TAMS 0x0000000704400000| PB 0x0000000704400000| Untracked 
|  18|0x0000000704600000, 0x0000000704600000, 0x0000000704800000|  0%| F|  |TAMS 0x0000000704600000| PB 0x0000000704600000| Untracked 
|  19|0x0000000704800000, 0x0000000704800000, 0x0000000704a00000|  0%| F|  |TAMS 0x0000000704800000| PB 0x0000000704800000| Untracked 
|  20|0x0000000704a00000, 0x0000000704a00000, 0x0000000704c00000|  0%| F|  |TAMS 0x0000000704a00000| PB 0x0000000704a00000| Untracked 
|  21|0x0000000704c00000, 0x0000000704c00000, 0x0000000704e00000|  0%| F|  |TAMS 0x0000000704c00000| PB 0x0000000704c00000| Untracked 
|  22|0x0000000704e00000, 0x0000000704e00000, 0x0000000705000000|  0%| F|  |TAMS 0x0000000704e00000| PB 0x0000000704e00000| Untracked 
|  23|0x0000000705000000, 0x0000000705000000, 0x0000000705200000|  0%| F|  |TAMS 0x0000000705000000| PB 0x0000000705000000| Untracked 
|  24|0x0000000705200000, 0x0000000705200000, 0x0000000705400000|  0%| F|  |TAMS 0x0000000705200000| PB 0x0000000705200000| Untracked 
|  25|0x0000000705400000, 0x0000000705400000, 0x0000000705600000|  0%| F|  |TAMS 0x0000000705400000| PB 0x0000000705400000| Untracked 
|  26|0x0000000705600000, 0x0000000705600000, 0x0000000705800000|  0%| F|  |TAMS 0x0000000705600000| PB 0x0000000705600000| Untracked 
|  27|0x0000000705800000, 0x0000000705800000, 0x0000000705a00000|  0%| F|  |TAMS 0x0000000705800000| PB 0x0000000705800000| Untracked 
|  28|0x0000000705a00000, 0x0000000705a00000, 0x0000000705c00000|  0%| F|  |TAMS 0x0000000705a00000| PB 0x0000000705a00000| Untracked 
|  29|0x0000000705c00000, 0x0000000705c00000, 0x0000000705e00000|  0%| F|  |TAMS 0x0000000705c00000| PB 0x0000000705c00000| Untracked 
|  30|0x0000000705e00000, 0x0000000705e00000, 0x0000000706000000|  0%| F|  |TAMS 0x0000000705e00000| PB 0x0000000705e00000| Untracked 
|  31|0x0000000706000000, 0x0000000706000000, 0x0000000706200000|  0%| F|  |TAMS 0x0000000706000000| PB 0x0000000706000000| Untracked 
|  32|0x0000000706200000, 0x0000000706200000, 0x0000000706400000|  0%| F|  |TAMS 0x0000000706200000| PB 0x0000000706200000| Untracked 
|  33|0x0000000706400000, 0x0000000706400000, 0x0000000706600000|  0%| F|  |TAMS 0x0000000706400000| PB 0x0000000706400000| Untracked 
|  34|0x0000000706600000, 0x0000000706600000, 0x0000000706800000|  0%| F|  |TAMS 0x0000000706600000| PB 0x0000000706600000| Untracked 
|  35|0x0000000706800000, 0x0000000706800000, 0x0000000706a00000|  0%| F|  |TAMS 0x0000000706800000| PB 0x0000000706800000| Untracked 
|  36|0x0000000706a00000, 0x0000000706a00000, 0x0000000706c00000|  0%| F|  |TAMS 0x0000000706a00000| PB 0x0000000706a00000| Untracked 
|  37|0x0000000706c00000, 0x0000000706c00000, 0x0000000706e00000|  0%| F|  |TAMS 0x0000000706c00000| PB 0x0000000706c00000| Untracked 
|  38|0x0000000706e00000, 0x0000000706e00000, 0x0000000707000000|  0%| F|  |TAMS 0x0000000706e00000| PB 0x0000000706e00000| Untracked 
|  39|0x0000000707000000, 0x0000000707000000, 0x0000000707200000|  0%| F|  |TAMS 0x0000000707000000| PB 0x0000000707000000| Untracked 
|  40|0x0000000707200000, 0x0000000707200000, 0x0000000707400000|  0%| F|  |TAMS 0x0000000707200000| PB 0x0000000707200000| Untracked 
|  41|0x0000000707400000, 0x0000000707400000, 0x0000000707600000|  0%| F|  |TAMS 0x0000000707400000| PB 0x0000000707400000| Untracked 
|  42|0x0000000707600000, 0x0000000707600000, 0x0000000707800000|  0%| F|  |TAMS 0x0000000707600000| PB 0x0000000707600000| Untracked 
|  43|0x0000000707800000, 0x0000000707800000, 0x0000000707a00000|  0%| F|  |TAMS 0x0000000707800000| PB 0x0000000707800000| Untracked 
|  44|0x0000000707a00000, 0x0000000707a00000, 0x0000000707c00000|  0%| F|  |TAMS 0x0000000707a00000| PB 0x0000000707a00000| Untracked 
|  45|0x0000000707c00000, 0x0000000707c00000, 0x0000000707e00000|  0%| F|  |TAMS 0x0000000707c00000| PB 0x0000000707c00000| Untracked 
|  46|0x0000000707e00000, 0x0000000707e00000, 0x0000000708000000|  0%| F|  |TAMS 0x0000000707e00000| PB 0x0000000707e00000| Untracked 
|  47|0x0000000708000000, 0x0000000708000000, 0x0000000708200000|  0%| F|  |TAMS 0x0000000708000000| PB 0x0000000708000000| Untracked 
|  48|0x0000000708200000, 0x0000000708200000, 0x0000000708400000|  0%| F|  |TAMS 0x0000000708200000| PB 0x0000000708200000| Untracked 
|  49|0x0000000708400000, 0x0000000708400000, 0x0000000708600000|  0%| F|  |TAMS 0x0000000708400000| PB 0x0000000708400000| Untracked 
|  50|0x0000000708600000, 0x0000000708600000, 0x0000000708800000|  0%| F|  |TAMS 0x0000000708600000| PB 0x0000000708600000| Untracked 
|  51|0x0000000708800000, 0x0000000708800000, 0x0000000708a00000|  0%| F|  |TAMS 0x0000000708800000| PB 0x0000000708800000| Untracked 
|  52|0x0000000708a00000, 0x0000000708a00000, 0x0000000708c00000|  0%| F|  |TAMS 0x0000000708a00000| PB 0x0000000708a00000| Untracked 
|  53|0x0000000708c00000, 0x0000000708c00000, 0x0000000708e00000|  0%| F|  |TAMS 0x0000000708c00000| PB 0x0000000708c00000| Untracked 
|  54|0x0000000708e00000, 0x0000000708e00000, 0x0000000709000000|  0%| F|  |TAMS 0x0000000708e00000| PB 0x0000000708e00000| Untracked 
|  55|0x0000000709000000, 0x0000000709000000, 0x0000000709200000|  0%| F|  |TAMS 0x0000000709000000| PB 0x0000000709000000| Untracked 
|  56|0x0000000709200000, 0x0000000709200000, 0x0000000709400000|  0%| F|  |TAMS 0x0000000709200000| PB 0x0000000709200000| Untracked 
|  57|0x0000000709400000, 0x0000000709400000, 0x0000000709600000|  0%| F|  |TAMS 0x0000000709400000| PB 0x0000000709400000| Untracked 
|  58|0x0000000709600000, 0x0000000709600000, 0x0000000709800000|  0%| F|  |TAMS 0x0000000709600000| PB 0x0000000709600000| Untracked 
|  59|0x0000000709800000, 0x0000000709800000, 0x0000000709a00000|  0%| F|  |TAMS 0x0000000709800000| PB 0x0000000709800000| Untracked 
|  60|0x0000000709a00000, 0x0000000709a00000, 0x0000000709c00000|  0%| F|  |TAMS 0x0000000709a00000| PB 0x0000000709a00000| Untracked 
|  61|0x0000000709c00000, 0x0000000709c00000, 0x0000000709e00000|  0%| F|  |TAMS 0x0000000709c00000| PB 0x0000000709c00000| Untracked 
|  62|0x0000000709e00000, 0x0000000709e00000, 0x000000070a000000|  0%| F|  |TAMS 0x0000000709e00000| PB 0x0000000709e00000| Untracked 
|  63|0x000000070a000000, 0x000000070a000000, 0x000000070a200000|  0%| F|  |TAMS 0x000000070a000000| PB 0x000000070a000000| Untracked 
|  64|0x000000070a200000, 0x000000070a200000, 0x000000070a400000|  0%| F|  |TAMS 0x000000070a200000| PB 0x000000070a200000| Untracked 
|  65|0x000000070a400000, 0x000000070a400000, 0x000000070a600000|  0%| F|  |TAMS 0x000000070a400000| PB 0x000000070a400000| Untracked 
|  66|0x000000070a600000, 0x000000070a600000, 0x000000070a800000|  0%| F|  |TAMS 0x000000070a600000| PB 0x000000070a600000| Untracked 
|  67|0x000000070a800000, 0x000000070a800000, 0x000000070aa00000|  0%| F|  |TAMS 0x000000070a800000| PB 0x000000070a800000| Untracked 
|  68|0x000000070aa00000, 0x000000070aa00000, 0x000000070ac00000|  0%| F|  |TAMS 0x000000070aa00000| PB 0x000000070aa00000| Untracked 
|  69|0x000000070ac00000, 0x000000070ac00000, 0x000000070ae00000|  0%| F|  |TAMS 0x000000070ac00000| PB 0x000000070ac00000| Untracked 
|  70|0x000000070ae00000, 0x000000070ae00000, 0x000000070b000000|  0%| F|  |TAMS 0x000000070ae00000| PB 0x000000070ae00000| Untracked 
|  71|0x000000070b000000, 0x000000070b000000, 0x000000070b200000|  0%| F|  |TAMS 0x000000070b000000| PB 0x000000070b000000| Untracked 
|  72|0x000000070b200000, 0x000000070b200000, 0x000000070b400000|  0%| F|  |TAMS 0x000000070b200000| PB 0x000000070b200000| Untracked 
|  73|0x000000070b400000, 0x000000070b400000, 0x000000070b600000|  0%| F|  |TAMS 0x000000070b400000| PB 0x000000070b400000| Untracked 
|  74|0x000000070b600000, 0x000000070b600000, 0x000000070b800000|  0%| F|  |TAMS 0x000000070b600000| PB 0x000000070b600000| Untracked 
|  75|0x000000070b800000, 0x000000070b800000, 0x000000070ba00000|  0%| F|  |TAMS 0x000000070b800000| PB 0x000000070b800000| Untracked 
|  76|0x000000070ba00000, 0x000000070ba00000, 0x000000070bc00000|  0%| F|  |TAMS 0x000000070ba00000| PB 0x000000070ba00000| Untracked 
|  77|0x000000070bc00000, 0x000000070bc00000, 0x000000070be00000|  0%| F|  |TAMS 0x000000070bc00000| PB 0x000000070bc00000| Untracked 
|  78|0x000000070be00000, 0x000000070be00000, 0x000000070c000000|  0%| F|  |TAMS 0x000000070be00000| PB 0x000000070be00000| Untracked 
|  79|0x000000070c000000, 0x000000070c000000, 0x000000070c200000|  0%| F|  |TAMS 0x000000070c000000| PB 0x000000070c000000| Untracked 
|  80|0x000000070c200000, 0x000000070c200000, 0x000000070c400000|  0%| F|  |TAMS 0x000000070c200000| PB 0x000000070c200000| Untracked 
|  81|0x000000070c400000, 0x000000070c400000, 0x000000070c600000|  0%| F|  |TAMS 0x000000070c400000| PB 0x000000070c400000| Untracked 
|  82|0x000000070c600000, 0x000000070c600000, 0x000000070c800000|  0%| F|  |TAMS 0x000000070c600000| PB 0x000000070c600000| Untracked 
|  83|0x000000070c800000, 0x000000070c800000, 0x000000070ca00000|  0%| F|  |TAMS 0x000000070c800000| PB 0x000000070c800000| Untracked 
|  84|0x000000070ca00000, 0x000000070ca00000, 0x000000070cc00000|  0%| F|  |TAMS 0x000000070ca00000| PB 0x000000070ca00000| Untracked 
|  85|0x000000070cc00000, 0x000000070cc00000, 0x000000070ce00000|  0%| F|  |TAMS 0x000000070cc00000| PB 0x000000070cc00000| Untracked 
|  86|0x000000070ce00000, 0x000000070ce00000, 0x000000070d000000|  0%| F|  |TAMS 0x000000070ce00000| PB 0x000000070ce00000| Untracked 
|  87|0x000000070d000000, 0x000000070d000000, 0x000000070d200000|  0%| F|  |TAMS 0x000000070d000000| PB 0x000000070d000000| Untracked 
|  88|0x000000070d200000, 0x000000070d200000, 0x000000070d400000|  0%| F|  |TAMS 0x000000070d200000| PB 0x000000070d200000| Untracked 
|  89|0x000000070d400000, 0x000000070d400000, 0x000000070d600000|  0%| F|  |TAMS 0x000000070d400000| PB 0x000000070d400000| Untracked 
|  90|0x000000070d600000, 0x000000070d600000, 0x000000070d800000|  0%| F|  |TAMS 0x000000070d600000| PB 0x000000070d600000| Untracked 
|  91|0x000000070d800000, 0x000000070d800000, 0x000000070da00000|  0%| F|  |TAMS 0x000000070d800000| PB 0x000000070d800000| Untracked 
|  92|0x000000070da00000, 0x000000070da00000, 0x000000070dc00000|  0%| F|  |TAMS 0x000000070da00000| PB 0x000000070da00000| Untracked 
|  93|0x000000070dc00000, 0x000000070dc00000, 0x000000070de00000|  0%| F|  |TAMS 0x000000070dc00000| PB 0x000000070dc00000| Untracked 
|  94|0x000000070de00000, 0x000000070de00000, 0x000000070e000000|  0%| F|  |TAMS 0x000000070de00000| PB 0x000000070de00000| Untracked 
|  95|0x000000070e000000, 0x000000070e000000, 0x000000070e200000|  0%| F|  |TAMS 0x000000070e000000| PB 0x000000070e000000| Untracked 
|  96|0x000000070e200000, 0x000000070e200000, 0x000000070e400000|  0%| F|  |TAMS 0x000000070e200000| PB 0x000000070e200000| Untracked 
|  97|0x000000070e400000, 0x000000070e400000, 0x000000070e600000|  0%| F|  |TAMS 0x000000070e400000| PB 0x000000070e400000| Untracked 
|  98|0x000000070e600000, 0x000000070e600000, 0x000000070e800000|  0%| F|  |TAMS 0x000000070e600000| PB 0x000000070e600000| Untracked 
|  99|0x000000070e800000, 0x000000070e800000, 0x000000070ea00000|  0%| F|  |TAMS 0x000000070e800000| PB 0x000000070e800000| Untracked 
| 100|0x000000070ea00000, 0x000000070ea00000, 0x000000070ec00000|  0%| F|  |TAMS 0x000000070ea00000| PB 0x000000070ea00000| Untracked 
| 101|0x000000070ec00000, 0x000000070ec00000, 0x000000070ee00000|  0%| F|  |TAMS 0x000000070ec00000| PB 0x000000070ec00000| Untracked 
| 102|0x000000070ee00000, 0x000000070ee00000, 0x000000070f000000|  0%| F|  |TAMS 0x000000070ee00000| PB 0x000000070ee00000| Untracked 
| 103|0x000000070f000000, 0x000000070f000000, 0x000000070f200000|  0%| F|  |TAMS 0x000000070f000000| PB 0x000000070f000000| Untracked 
| 104|0x000000070f200000, 0x000000070f200000, 0x000000070f400000|  0%| F|  |TAMS 0x000000070f200000| PB 0x000000070f200000| Untracked 
| 105|0x000000070f400000, 0x000000070f400000, 0x000000070f600000|  0%| F|  |TAMS 0x000000070f400000| PB 0x000000070f400000| Untracked 
| 106|0x000000070f600000, 0x000000070f600000, 0x000000070f800000|  0%| F|  |TAMS 0x000000070f600000| PB 0x000000070f600000| Untracked 
| 107|0x000000070f800000, 0x000000070f800000, 0x000000070fa00000|  0%| F|  |TAMS 0x000000070f800000| PB 0x000000070f800000| Untracked 
| 108|0x000000070fa00000, 0x000000070fa00000, 0x000000070fc00000|  0%| F|  |TAMS 0x000000070fa00000| PB 0x000000070fa00000| Untracked 
| 109|0x000000070fc00000, 0x000000070fc00000, 0x000000070fe00000|  0%| F|  |TAMS 0x000000070fc00000| PB 0x000000070fc00000| Untracked 
| 110|0x000000070fe00000, 0x000000070fe00000, 0x0000000710000000|  0%| F|  |TAMS 0x000000070fe00000| PB 0x000000070fe00000| Untracked 
| 111|0x0000000710000000, 0x0000000710000000, 0x0000000710200000|  0%| F|  |TAMS 0x0000000710000000| PB 0x0000000710000000| Untracked 
| 112|0x0000000710200000, 0x0000000710200000, 0x0000000710400000|  0%| F|  |TAMS 0x0000000710200000| PB 0x0000000710200000| Untracked 
| 113|0x0000000710400000, 0x0000000710400000, 0x0000000710600000|  0%| F|  |TAMS 0x0000000710400000| PB 0x0000000710400000| Untracked 
| 114|0x0000000710600000, 0x0000000710800000, 0x0000000710800000|100%| S|CS|TAMS 0x0000000710600000| PB 0x0000000710600000| Complete 
| 115|0x0000000710800000, 0x0000000710a00000, 0x0000000710a00000|100%| S|CS|TAMS 0x0000000710800000| PB 0x0000000710800000| Complete 
| 116|0x0000000710a00000, 0x0000000710a00000, 0x0000000710c00000|  0%| F|  |TAMS 0x0000000710a00000| PB 0x0000000710a00000| Untracked 
| 117|0x0000000710c00000, 0x0000000710c00000, 0x0000000710e00000|  0%| F|  |TAMS 0x0000000710c00000| PB 0x0000000710c00000| Untracked 
| 118|0x0000000710e00000, 0x0000000710e00000, 0x0000000711000000|  0%| F|  |TAMS 0x0000000710e00000| PB 0x0000000710e00000| Untracked 
| 119|0x0000000711000000, 0x0000000711000000, 0x0000000711200000|  0%| F|  |TAMS 0x0000000711000000| PB 0x0000000711000000| Untracked 
| 120|0x0000000711200000, 0x0000000711200000, 0x0000000711400000|  0%| F|  |TAMS 0x0000000711200000| PB 0x0000000711200000| Untracked 
| 121|0x0000000711400000, 0x0000000711400000, 0x0000000711600000|  0%| F|  |TAMS 0x0000000711400000| PB 0x0000000711400000| Untracked 
| 122|0x0000000711600000, 0x00000007116a93c8, 0x0000000711800000| 33%| E|  |TAMS 0x0000000711600000| PB 0x0000000711600000| Complete 
| 123|0x0000000711800000, 0x0000000711a00000, 0x0000000711a00000|100%| E|CS|TAMS 0x0000000711800000| PB 0x0000000711800000| Complete 
| 124|0x0000000711a00000, 0x0000000711c00000, 0x0000000711c00000|100%| E|CS|TAMS 0x0000000711a00000| PB 0x0000000711a00000| Complete 
| 125|0x0000000711c00000, 0x0000000711e00000, 0x0000000711e00000|100%| E|CS|TAMS 0x0000000711c00000| PB 0x0000000711c00000| Complete 
| 126|0x0000000711e00000, 0x0000000712000000, 0x0000000712000000|100%| E|CS|TAMS 0x0000000711e00000| PB 0x0000000711e00000| Complete 

Card table byte_map: [0x000001a518f80000,0x000001a519770000] _byte_map_base: 0x000001a51576f000

Marking Bits: (CMBitMap*) 0x000001a57ef275d0
 Bits: [0x000001a519770000, 0x000001a51d6e8000)

Polling page: 0x000001a57f320000

Metaspace:

Usage:
  Non-class:     10.59 MB used.
      Class:      1.43 MB used.
       Both:     12.02 MB used.

Virtual space:
  Non-class space:       64.00 MB reserved,      10.81 MB ( 17%) committed,  1 nodes.
      Class space:        1.00 GB reserved,       1.56 MB ( <1%) committed,  1 nodes.
             Both:        1.06 GB reserved,      12.38 MB (  1%) committed. 

Chunk freelists:
   Non-Class:  4.30 MB
       Class:  14.34 MB
        Both:  18.64 MB

MaxMetaspaceSize: unlimited
CompressedClassSpaceSize: 1.00 GB
Initial GC threshold: 21.00 MB
Current GC threshold: 21.00 MB
CDS: on
 - commit_granule_bytes: 65536.
 - commit_granule_words: 8192.
 - virtual_space_node_default_size: 8388608.
 - enlarge_chunks_in_place: 1.
 - use_allocation_guard: 0.


Internal statistics:

num_allocs_failed_limit: 0.
num_arena_births: 340.
num_arena_deaths: 0.
num_vsnodes_births: 2.
num_vsnodes_deaths: 0.
num_space_committed: 198.
num_space_uncommitted: 0.
num_chunks_returned_to_freelist: 0.
num_chunks_taken_from_freelist: 627.
num_chunk_merges: 0.
num_chunk_splits: 371.
num_chunks_enlarged: 213.
num_inconsistent_stats: 0.

CodeHeap 'non-profiled nmethods': size=120000Kb used=574Kb max_used=574Kb free=119425Kb
 bounds [0x000001a511260000, 0x000001a5114d0000, 0x000001a518790000]
CodeHeap 'profiled nmethods': size=120000Kb used=3393Kb max_used=3393Kb free=116607Kb
 bounds [0x000001a509790000, 0x000001a509af0000, 0x000001a510cc0000]
CodeHeap 'non-nmethods': size=5760Kb used=1462Kb max_used=1476Kb free=4297Kb
 bounds [0x000001a510cc0000, 0x000001a510f30000, 0x000001a511260000]
 total_blobs=2376 nmethods=1828 adapters=452
 compilation: enabled
              stopped_count=0, restarted_count=0
 full_count=0

Compilation events (20 events):
Event: 5.344 Thread 0x000001a52019a170 1822       3       java.util.stream.AbstractPipeline::<init> (91 bytes)
Event: 5.346 Thread 0x000001a52019a170 nmethod 1822 0x000001a509adc690 code [0x000001a509adc880, 0x000001a509adcf18]
Event: 5.347 Thread 0x000001a52019a170 1823       3       java.util.stream.AbstractPipeline::sourceSpliterator (265 bytes)
Event: 5.352 Thread 0x000001a52019a170 nmethod 1823 0x000001a509add110 code [0x000001a509add380, 0x000001a509ade180]
Event: 5.352 Thread 0x000001a52019a170 1824       3       org.openqa.selenium.json.StaticInitializerCoercer$$Lambda/0x000001a52202db88::test (8 bytes)
Event: 5.354 Thread 0x000001a52019a170 nmethod 1824 0x000001a509ade610 code [0x000001a509ade7c0, 0x000001a509adeb00]
Event: 5.355 Thread 0x000001a52019a170 1825       3       org.openqa.selenium.json.StaticInitializerCoercer::lambda$getMethods$1 (8 bytes)
Event: 5.355 Thread 0x000001a52019a170 nmethod 1825 0x000001a509adec10 code [0x000001a509adedc0, 0x000001a509adef88]
Event: 5.357 Thread 0x000001a52019a170 1826       3       java.util.Collections$UnmodifiableMap$UnmodifiableEntrySet$UnmodifiableEntry::<init> (16 bytes)
Event: 5.357 Thread 0x000001a52019a170 nmethod 1826 0x000001a509adf090 code [0x000001a509adf260, 0x000001a509adf6a8]
Event: 5.358 Thread 0x000001a52019a170 1827       3       java.util.Collections$UnmodifiableMap$UnmodifiableEntrySet$UnmodifiableEntry::getKey (10 bytes)
Event: 5.358 Thread 0x000001a52019a170 nmethod 1827 0x000001a509adf810 code [0x000001a509adf9c0, 0x000001a509adfba0]
Event: 5.361 Thread 0x000001a52019a170 1829       1       java.lang.Thread::isInterrupted (5 bytes)
Event: 5.362 Thread 0x000001a52019a170 nmethod 1829 0x000001a5112ef510 code [0x000001a5112ef6a0, 0x000001a5112ef770]
Event: 5.363 Thread 0x000001a52019a170 1830       3       java.util.TreeMap$PrivateEntryIterator::hasNext (13 bytes)
Event: 5.363 Thread 0x000001a52019a170 nmethod 1830 0x000001a509adfc90 code [0x000001a509adfe20, 0x000001a509adff90]
Event: 5.364 Thread 0x000001a52019a170 1831       1       java.util.concurrent.atomic.AtomicReference::get (5 bytes)
Event: 5.365 Thread 0x000001a52019a170 nmethod 1831 0x000001a5112ef810 code [0x000001a5112ef9a0, 0x000001a5112efa70]
Event: 5.365 Thread 0x000001a52019a170 1832       3       java.util.concurrent.CompletableFuture::<init> (5 bytes)
Event: 5.365 Thread 0x000001a52019a170 nmethod 1832 0x000001a509ae0010 code [0x000001a509ae01c0, 0x000001a509ae0328]

GC Heap History (2 events):
Event: 2.592 GC heap before
{Heap before GC invocations=0 (full 0):
 garbage-first heap   total 260096K, used 20480K [0x0000000702200000, 0x0000000800000000)
  region size 2048K, 11 young (22528K), 0 survivors (0K)
 Metaspace       used 8978K, committed 9280K, reserved 1114112K
  class space    used 1008K, committed 1152K, reserved 1048576K
}
Event: 2.601 GC heap after
{Heap after GC invocations=1 (full 0):
 garbage-first heap   total 260096K, used 5745K [0x0000000702200000, 0x0000000800000000)
  region size 2048K, 2 young (4096K), 2 survivors (4096K)
 Metaspace       used 8978K, committed 9280K, reserved 1114112K
  class space    used 1008K, committed 1152K, reserved 1048576K
}

Dll operation events (11 events):
Event: 0.017 Loaded shared library C:\Users\bibek\.jdks\openjdk-21\bin\java.dll
Event: 0.085 Loaded shared library C:\Users\bibek\.jdks\openjdk-21\bin\jsvml.dll
Event: 0.319 Loaded shared library C:\Users\bibek\.jdks\openjdk-21\bin\zip.dll
Event: 0.328 Loaded shared library C:\Users\bibek\.jdks\openjdk-21\bin\instrument.dll
Event: 0.334 Loaded shared library C:\Users\bibek\.jdks\openjdk-21\bin\net.dll
Event: 0.337 Loaded shared library C:\Users\bibek\.jdks\openjdk-21\bin\nio.dll
Event: 0.346 Loaded shared library C:\Users\bibek\.jdks\openjdk-21\bin\zip.dll
Event: 0.459 Loaded shared library C:\Program Files\JetBrains\IntelliJ IDEA Community Edition 2023.2.2\bin\breakgen64.dll
Event: 0.486 Loaded shared library C:\Users\bibek\.jdks\openjdk-21\bin\extnet.dll
Event: 0.580 Loaded shared library C:\Users\bibek\.jdks\openjdk-21\bin\jimage.dll
Event: 2.456 Loaded shared library C:\Users\bibek\.jdks\openjdk-21\bin\sunmscapi.dll

Deoptimization events (20 events):
Event: 2.942 Thread 0x000001a520929d00 Uncommon trap: trap_request=0xffffffde fr.pc=0x000001a5112e2a5c relative=0x000000000000013c
Event: 2.942 Thread 0x000001a520929d00 Uncommon trap: reason=class_check action=maybe_recompile pc=0x000001a5112e2a5c method=jdk.internal.misc.Unsafe.allocateUninitializedArray(Ljava/lang/Class;I)Ljava/lang/Object; @ 51 c2
Event: 2.942 Thread 0x000001a520929d00 DEOPT PACKING pc=0x000001a5112e2a5c sp=0x00000020a7bfe530
Event: 2.942 Thread 0x000001a520929d00 DEOPT UNPACKING pc=0x000001a510d146a2 sp=0x00000020a7bfe4a8 mode 2
Event: 2.943 Thread 0x000001a520929d00 Uncommon trap: trap_request=0xffffffde fr.pc=0x000001a5112e2a5c relative=0x000000000000013c
Event: 2.943 Thread 0x000001a520929d00 Uncommon trap: reason=class_check action=maybe_recompile pc=0x000001a5112e2a5c method=jdk.internal.misc.Unsafe.allocateUninitializedArray(Ljava/lang/Class;I)Ljava/lang/Object; @ 51 c2
Event: 2.943 Thread 0x000001a520a4e3e0 Uncommon trap: trap_request=0xffffffde fr.pc=0x000001a5112e2a5c relative=0x000000000000013c
Event: 2.943 Thread 0x000001a520a4e3e0 Uncommon trap: reason=class_check action=maybe_recompile pc=0x000001a5112e2a5c method=jdk.internal.misc.Unsafe.allocateUninitializedArray(Ljava/lang/Class;I)Ljava/lang/Object; @ 51 c2
Event: 2.943 Thread 0x000001a520929d00 DEOPT PACKING pc=0x000001a5112e2a5c sp=0x00000020a7bfe330
Event: 2.943 Thread 0x000001a520929d00 DEOPT UNPACKING pc=0x000001a510d146a2 sp=0x00000020a7bfe2a8 mode 2
Event: 2.943 Thread 0x000001a520929d00 Uncommon trap: trap_request=0xffffffde fr.pc=0x000001a5112e2a5c relative=0x000000000000013c
Event: 2.943 Thread 0x000001a520a4e3e0 DEOPT PACKING pc=0x000001a5112e2a5c sp=0x00000020a88fd9b0
Event: 2.943 Thread 0x000001a520a4e3e0 DEOPT UNPACKING pc=0x000001a510d146a2 sp=0x00000020a88fd928 mode 2
Event: 2.943 Thread 0x000001a520929d00 Uncommon trap: reason=class_check action=maybe_recompile pc=0x000001a5112e2a5c method=jdk.internal.misc.Unsafe.allocateUninitializedArray(Ljava/lang/Class;I)Ljava/lang/Object; @ 51 c2
Event: 2.943 Thread 0x000001a520929d00 DEOPT PACKING pc=0x000001a5112e2a5c sp=0x00000020a7bfe330
Event: 2.943 Thread 0x000001a520929d00 DEOPT UNPACKING pc=0x000001a510d146a2 sp=0x00000020a7bfe2a8 mode 2
Event: 5.106 Thread 0x000001a57ed99080 Uncommon trap: trap_request=0xffffff45 fr.pc=0x000001a5112b3ef4 relative=0x0000000000000054
Event: 5.106 Thread 0x000001a57ed99080 Uncommon trap: reason=unstable_if action=reinterpret pc=0x000001a5112b3ef4 method=java.lang.CharacterData.of(I)Ljava/lang/CharacterData; @ 4 c2
Event: 5.106 Thread 0x000001a57ed99080 DEOPT PACKING pc=0x000001a5112b3ef4 sp=0x00000020a66fd080
Event: 5.106 Thread 0x000001a57ed99080 DEOPT UNPACKING pc=0x000001a510d146a2 sp=0x00000020a66fd020 mode 2

Classes loaded (20 events):
Event: 5.109 Loading class java/util/ResourceBundle$CacheKeyReference done
Event: 5.109 Loading class java/util/ResourceBundle$KeyElementReference done
Event: 5.110 Loading class java/util/ResourceBundle$3
Event: 5.110 Loading class java/util/ResourceBundle$3 done
Event: 5.111 Loading class sun/util/logging/resources/logging
Event: 5.112 Loading class sun/util/logging/resources/logging done
Event: 5.112 Loading class java/util/ResourceBundle$BundleReference
Event: 5.112 Loading class java/util/ResourceBundle$BundleReference done
Event: 5.112 Loading class sun/util/logging/resources/logging_en
Event: 5.112 Loading class sun/util/logging/resources/logging_en done
Event: 5.112 Loading class sun/util/logging/resources/logging_en
Event: 5.112 Loading class sun/util/logging/resources/logging_en done
Event: 5.113 Loading class sun/util/logging/resources/logging_en_US
Event: 5.113 Loading class sun/util/logging/resources/logging_en_US done
Event: 5.114 Loading class sun/util/logging/resources/logging_en_US
Event: 5.114 Loading class sun/util/logging/resources/logging_en_US done
Event: 5.114 Loading class java/util/Formatter$DateTime
Event: 5.114 Loading class java/util/Formatter$DateTime done
Event: 5.115 Loading class java/time/ZonedDateTime$1
Event: 5.115 Loading class java/time/ZonedDateTime$1 done

Classes unloaded (0 events):
No events

Classes redefined (0 events):
No events

Internal exceptions (20 events):
Event: 2.094 Thread 0x000001a57ed99080 Exception <a 'sun/nio/fs/WindowsException'{0x0000000711038cd8}> (0x0000000711038cd8) 
thrown [s\open\src\hotspot\share\prims\jni.cpp, line 520]
Event: 2.223 Thread 0x000001a57ed99080 Exception <a 'java/lang/NoSuchMethodError'{0x0000000710e09e20}: 'void java.lang.invoke.DirectMethodHandle$Holder.invokeVirtual(java.lang.Object, java.lang.Object)'> (0x0000000710e09e20) 
thrown [s\open\src\hotspot\share\interpreter\linkResolver.cpp, line 773]
Event: 2.328 Thread 0x000001a57ed99080 Exception <a 'java/lang/NoSuchMethodError'{0x0000000710d95ab0}: 'java.lang.Object java.lang.invoke.DirectMethodHandle$Holder.invokeStaticInit(java.lang.Object, int, int, int, int)'> (0x0000000710d95ab0) 
thrown [s\open\src\hotspot\share\interpreter\linkResolver.cpp, line 773]
Event: 2.378 Thread 0x000001a57ed99080 Exception <a 'java/lang/NoSuchMethodError'{0x0000000710a5e828}: 'java.lang.Object java.lang.invoke.DirectMethodHandle$Holder.invokeStaticInit(java.lang.Object, java.lang.Object, int, int, int, int)'> (0x0000000710a5e828) 
thrown [s\open\src\hotspot\share\interpreter\linkResolver.cpp, line 773]
Event: 2.577 Thread 0x000001a57ed99080 Exception <a 'java/lang/NoSuchMethodError'{0x0000000710bdc178}: 'java.lang.Object java.lang.invoke.DirectMethodHandle$Holder.invokeInterface(java.lang.Object, java.lang.Object, java.lang.Object)'> (0x0000000710bdc178) 
thrown [s\open\src\hotspot\share\interpreter\linkResolver.cpp, line 773]
Event: 2.578 Thread 0x000001a57ed99080 Exception <a 'java/lang/IncompatibleClassChangeError'{0x0000000710bdf560}: Found class java.lang.Object, but interface was expected> (0x0000000710bdf560) 
thrown [s\open\src\hotspot\share\interpreter\linkResolver.cpp, line 840]
Event: 2.583 Thread 0x000001a57ed99080 Exception <a 'java/lang/NoSuchMethodError'{0x0000000710be6718}: 'int java.lang.invoke.DirectMethodHandle$Holder.invokeSpecialIFC(java.lang.Object, java.lang.Object, java.lang.Object, java.lang.Object)'> (0x0000000710be6718) 
thrown [s\open\src\hotspot\share\interpreter\linkResolver.cpp, line 773]
Event: 2.609 Thread 0x000001a57ed99080 Exception <a 'java/lang/NoSuchMethodError'{0x0000000711e086e8}: 'java.lang.Object java.lang.invoke.DirectMethodHandle$Holder.invokeVirtual(java.lang.Object, java.lang.Object, java.lang.Object, java.lang.Object)'> (0x0000000711e086e8) 
thrown [s\open\src\hotspot\share\interpreter\linkResolver.cpp, line 773]
Event: 2.662 Thread 0x000001a520c0fe40 Exception <a 'java/net/ConnectException'{0x0000000711f09588}: Connection refused: no further information> (0x0000000711f09588) 
thrown [s\open\src\hotspot\share\prims\jni.cpp, line 539]
Event: 2.679 Thread 0x000001a520c0fe40 Exception <a 'java/net/ConnectException'{0x0000000711f0a688}: Connection refused: no further information> (0x0000000711f0a688) 
thrown [s\open\src\hotspot\share\prims\jni.cpp, line 539]
Event: 2.775 Thread 0x000001a57ed99080 Exception <a 'java/lang/NoSuchMethodError'{0x0000000711fd6f30}: 'java.lang.Object java.lang.invoke.DirectMethodHandle$Holder.newInvokeSpecial(java.lang.Object, java.lang.Object, int, int)'> (0x0000000711fd6f30) 
thrown [s\open\src\hotspot\share\interpreter\linkResolver.cpp, line 773]
Event: 2.777 Thread 0x000001a57ed99080 Exception <a 'java/lang/NoSuchMethodError'{0x0000000711fe11e0}: 'void java.lang.invoke.DirectMethodHandle$Holder.invokeStatic(java.lang.Object, java.lang.Object, int)'> (0x0000000711fe11e0) 
thrown [s\open\src\hotspot\share\interpreter\linkResolver.cpp, line 773]
Event: 2.817 Thread 0x000001a57ed99080 Exception <a 'java/lang/NoSuchMethodError'{0x0000000711c95e10}: 'java.lang.Object java.lang.invoke.DirectMethodHandle$Holder.newInvokeSpecial(java.lang.Object, java.lang.Object, java.lang.Object, java.lang.Object, java.lang.Object)'> (0x0000000711c95e10) 
thrown [s\open\src\hotspot\share\interpreter\linkResolver.cpp, line 773]
Event: 2.900 Thread 0x000001a520a4e3e0 Exception <a 'java/lang/NoSuchMethodError'{0x0000000711dbf158}: 'java.lang.Object java.lang.invoke.DirectMethodHandle$Holder.invokeSpecial(java.lang.Object, java.lang.Object, java.lang.Object, java.lang.Object, int)'> (0x0000000711dbf158) 
thrown [s\open\src\hotspot\share\interpreter\linkResolver.cpp, line 773]
Event: 2.900 Thread 0x000001a520a4e3e0 Exception <a 'java/lang/NoSuchMethodError'{0x0000000711dc2aa0}: 'java.lang.Object java.lang.invoke.Invokers$Holder.linkToTargetMethod(java.lang.Object, java.lang.Object, int, java.lang.Object)'> (0x0000000711dc2aa0) 
thrown [s\open\src\hotspot\share\interpreter\linkResolver.cpp, line 773]
Event: 2.915 Thread 0x000001a520a4e3e0 Exception <a 'java/lang/NoSuchMethodError'{0x0000000711dda348}: 'void java.lang.invoke.DirectMethodHandle$Holder.invokeSpecial(java.lang.Object, java.lang.Object, java.lang.Object)'> (0x0000000711dda348) 
thrown [s\open\src\hotspot\share\interpreter\linkResolver.cpp, line 773]
Event: 2.929 Thread 0x000001a520a4e3e0 Exception <a 'java/lang/NoSuchMethodError'{0x0000000711a06598}: 'void java.lang.invoke.DirectMethodHandle$Holder.invokeSpecial(java.lang.Object, java.lang.Object, java.lang.Object, java.lang.Object, java.lang.Object)'> (0x0000000711a06598) 
thrown [s\open\src\hotspot\share\interpreter\linkResolver.cpp, line 773]
Event: 4.796 Thread 0x000001a520a4fe20 Exception <a 'java/lang/NoSuchMethodError'{0x0000000711afad60}: 'void java.lang.invoke.DirectMethodHandle$Holder.invokeSpecial(java.lang.Object, java.lang.Object, java.lang.Object, java.lang.Object, java.lang.Object, java.lang.Object, java.lang.Object)'> (0x0000000711afad60) 
thrown [s\open\src\hotspot\share\interpreter\linkResolver.cpp, line 773]
Event: 4.835 Thread 0x000001a57ed99080 Exception <a 'java/lang/NoSuchMethodError'{0x0000000711b55230}: 'java.lang.Object java.lang.invoke.DirectMethodHandle$Holder.invokeSpecialIFC(java.lang.Object, java.lang.Object, java.lang.Object)'> (0x0000000711b55230) 
thrown [s\open\src\hotspot\share\interpreter\linkResolver.cpp, line 773]
Event: 5.111 Thread 0x000001a57ed99080 Exception <a 'java/lang/ClassNotFoundException'{0x0000000711601f30}: sun/util/logging/resources/spi/loggingProvider> (0x0000000711601f30) 
thrown [s\open\src\hotspot\share\classfile\systemDictionary.cpp, line 312]

ZGC Phase Switch (0 events):
No events

VM Operations (20 events):
Event: 2.399 Executing VM operation: HandshakeAllThreads (Deoptimize)
Event: 2.399 Executing VM operation: HandshakeAllThreads (Deoptimize) done
Event: 2.591 Executing VM operation: G1CollectForAllocation (G1 Evacuation Pause)
Event: 2.601 Executing VM operation: G1CollectForAllocation (G1 Evacuation Pause) done
Event: 2.624 Executing VM operation: HandshakeAllThreads (Deoptimize)
Event: 2.624 Executing VM operation: HandshakeAllThreads (Deoptimize) done
Event: 2.624 Executing VM operation: HandshakeAllThreads (Deoptimize)
Event: 2.625 Executing VM operation: HandshakeAllThreads (Deoptimize) done
Event: 2.721 Executing VM operation: HandshakeAllThreads (Deoptimize)
Event: 2.721 Executing VM operation: HandshakeAllThreads (Deoptimize) done
Event: 2.734 Executing VM operation: HandshakeAllThreads (Deoptimize)
Event: 2.734 Executing VM operation: HandshakeAllThreads (Deoptimize) done
Event: 2.800 Executing VM operation: HandshakeAllThreads (Deoptimize)
Event: 2.800 Executing VM operation: HandshakeAllThreads (Deoptimize) done
Event: 3.846 Executing VM operation: Cleanup
Event: 3.846 Executing VM operation: Cleanup done
Event: 4.763 Executing VM operation: HandshakeAllThreads (Deoptimize)
Event: 4.763 Executing VM operation: HandshakeAllThreads (Deoptimize) done
Event: 4.767 Executing VM operation: HandshakeAllThreads (Deoptimize)
Event: 4.767 Executing VM operation: HandshakeAllThreads (Deoptimize) done

Events (20 events):
Event: 0.460 Thread 0x000001a5204f8940 Thread added: 0x000001a5204f8940
Event: 0.932 Thread 0x000001a5207ad4b0 Thread added: 0x000001a5207ad4b0
Event: 1.103 Thread 0x000001a520348860 Thread exited: 0x000001a520348860
Event: 1.731 Thread 0x000001a5207ad4b0 Thread exited: 0x000001a5207ad4b0
Event: 1.836 Thread 0x000001a5205add40 Thread added: 0x000001a5205add40
Event: 2.039 Thread 0x000001a5209542d0 Thread added: 0x000001a5209542d0
Event: 2.526 Thread 0x000001a520929d00 Thread added: 0x000001a520929d00
Event: 2.619 Thread 0x000001a5208b68c0 Thread added: 0x000001a5208b68c0
Event: 2.625 Thread 0x000001a520af4220 Thread added: 0x000001a520af4220
Event: 2.626 Thread 0x000001a520af4890 Thread added: 0x000001a520af4890
Event: 2.643 Thread 0x000001a520c0fe40 Thread added: 0x000001a520c0fe40
Event: 2.715 Thread 0x000001a5209542d0 Thread exited: 0x000001a5209542d0
Event: 2.720 Thread 0x000001a520a4f790 Thread added: 0x000001a520a4f790
Event: 2.881 Thread 0x000001a520a4e3e0 Thread added: 0x000001a520a4e3e0
Event: 2.944 Thread 0x000001a520a4fe20 Thread added: 0x000001a520a4fe20
Event: 2.948 Thread 0x000001a520a4ea70 Thread added: 0x000001a520a4ea70
Event: 4.968 Thread 0x000001a520a504b0 Thread added: 0x000001a520a504b0
Event: 4.971 Thread 0x000001a520a4d030 Thread added: 0x000001a520a4d030
Event: 4.974 Thread 0x000001a520a4d6c0 Thread added: 0x000001a520a4d6c0
Event: 4.974 Thread 0x000001a520a4dd50 Thread added: 0x000001a520a4dd50


Dynamic libraries:
0x00007ff661af0000 - 0x00007ff661afe000 	C:\Users\bibek\.jdks\openjdk-21\bin\java.exe
0x00007ffdf3230000 - 0x00007ffdf3447000 	C:\WINDOWS\SYSTEM32\ntdll.dll
0x00007ffdf2770000 - 0x00007ffdf2834000 	C:\WINDOWS\System32\KERNEL32.DLL
0x00007ffdf0ba0000 - 0x00007ffdf0f57000 	C:\WINDOWS\System32\KERNELBASE.dll
0x00007ffdf0750000 - 0x00007ffdf0861000 	C:\WINDOWS\System32\ucrtbase.dll
0x00007ffddc9b0000 - 0x00007ffddc9cb000 	C:\Users\bibek\.jdks\openjdk-21\bin\VCRUNTIME140.dll
0x00007ffdd7270000 - 0x00007ffdd7288000 	C:\Users\bibek\.jdks\openjdk-21\bin\jli.dll
0x00007ffdf17f0000 - 0x00007ffdf199f000 	C:\WINDOWS\System32\USER32.dll
0x00007ffddd990000 - 0x00007ffdddc23000 	C:\WINDOWS\WinSxS\amd64_microsoft.windows.common-controls_6595b64144ccf1df_6.0.22621.3672_none_2713b9d173822955\COMCTL32.dll
0x00007ffdf0b70000 - 0x00007ffdf0b96000 	C:\WINDOWS\System32\win32u.dll
0x00007ffdf2840000 - 0x00007ffdf28e7000 	C:\WINDOWS\System32\msvcrt.dll
0x00007ffdf2d70000 - 0x00007ffdf2d99000 	C:\WINDOWS\System32\GDI32.dll
0x00007ffdf0540000 - 0x00007ffdf0658000 	C:\WINDOWS\System32\gdi32full.dll
0x00007ffdf0a50000 - 0x00007ffdf0aea000 	C:\WINDOWS\System32\msvcp_win.dll
0x00007ffdf11c0000 - 0x00007ffdf11f1000 	C:\WINDOWS\System32\IMM32.DLL
0x00007ffde0e60000 - 0x00007ffde0e6c000 	C:\Users\bibek\.jdks\openjdk-21\bin\vcruntime140_1.dll
0x00007ffd88880000 - 0x00007ffd8890e000 	C:\Users\bibek\.jdks\openjdk-21\bin\msvcp140.dll
0x00007ffd3fd50000 - 0x00007ffd40a63000 	C:\Users\bibek\.jdks\openjdk-21\bin\server\jvm.dll
0x00007ffdf1730000 - 0x00007ffdf17e2000 	C:\WINDOWS\System32\ADVAPI32.dll
0x00007ffdf1080000 - 0x00007ffdf1128000 	C:\WINDOWS\System32\sechost.dll
0x00007ffdf0720000 - 0x00007ffdf0748000 	C:\WINDOWS\System32\bcrypt.dll
0x00007ffdf1410000 - 0x00007ffdf1524000 	C:\WINDOWS\System32\RPCRT4.dll
0x00007ffdf0ff0000 - 0x00007ffdf1061000 	C:\WINDOWS\System32\WS2_32.dll
0x00007ffdf0260000 - 0x00007ffdf02ad000 	C:\WINDOWS\SYSTEM32\POWRPROF.dll
0x00007ffdea290000 - 0x00007ffdea2c4000 	C:\WINDOWS\SYSTEM32\WINMM.dll
0x00007ffdebc40000 - 0x00007ffdebc4a000 	C:\WINDOWS\SYSTEM32\VERSION.dll
0x00007ffdf0190000 - 0x00007ffdf01a3000 	C:\WINDOWS\SYSTEM32\UMPDC.dll
0x00007ffdef550000 - 0x00007ffdef568000 	C:\WINDOWS\SYSTEM32\kernel.appcore.dll
0x00007ffddee60000 - 0x00007ffddee6a000 	C:\Users\bibek\.jdks\openjdk-21\bin\jimage.dll
0x00007ffde9140000 - 0x00007ffde9372000 	C:\WINDOWS\SYSTEM32\DBGHELP.DLL
0x00007ffdf19a0000 - 0x00007ffdf1d2e000 	C:\WINDOWS\System32\combase.dll
0x00007ffdf1650000 - 0x00007ffdf1727000 	C:\WINDOWS\System32\OLEAUT32.dll
0x00007ffde89a0000 - 0x00007ffde89d2000 	C:\WINDOWS\SYSTEM32\dbgcore.DLL
0x00007ffdf0af0000 - 0x00007ffdf0b6b000 	C:\WINDOWS\System32\bcryptPrimitives.dll
0x00007ffdeca90000 - 0x00007ffdeca9f000 	C:\Users\bibek\.jdks\openjdk-21\bin\instrument.dll
0x00007ffddee40000 - 0x00007ffddee5f000 	C:\Users\bibek\.jdks\openjdk-21\bin\java.dll
0x00007ffdf1f00000 - 0x00007ffdf2769000 	C:\WINDOWS\System32\SHELL32.dll
0x00007ffdee460000 - 0x00007ffdeed5f000 	C:\WINDOWS\SYSTEM32\windows.storage.dll
0x00007ffdee320000 - 0x00007ffdee45f000 	C:\WINDOWS\SYSTEM32\wintypes.dll
0x00007ffdf1550000 - 0x00007ffdf1649000 	C:\WINDOWS\System32\SHCORE.dll
0x00007ffdf2fe0000 - 0x00007ffdf303e000 	C:\WINDOWS\System32\shlwapi.dll
0x00007ffdf0470000 - 0x00007ffdf0497000 	C:\WINDOWS\SYSTEM32\profapi.dll
0x00007ffd963a0000 - 0x00007ffd96477000 	C:\Users\bibek\.jdks\openjdk-21\bin\jsvml.dll
0x00007ffdd9ba0000 - 0x00007ffdd9bb8000 	C:\Users\bibek\.jdks\openjdk-21\bin\zip.dll
0x00007ffddec10000 - 0x00007ffddec20000 	C:\Users\bibek\.jdks\openjdk-21\bin\net.dll
0x00007ffdece40000 - 0x00007ffdecf76000 	C:\WINDOWS\SYSTEM32\WINHTTP.dll
0x00007ffdef9b0000 - 0x00007ffdefa19000 	C:\WINDOWS\system32\mswsock.dll
0x00007ffddcb80000 - 0x00007ffddcb96000 	C:\Users\bibek\.jdks\openjdk-21\bin\nio.dll
0x00007ffdebd50000 - 0x00007ffdebd6a000 	C:\Program Files\JetBrains\IntelliJ IDEA Community Edition 2023.2.2\bin\breakgen64.dll
0x00007ffddb4b0000 - 0x00007ffddb4b7000 	C:\Users\bibek\.jdks\openjdk-21\bin\extnet.dll
0x00007ffdef030000 - 0x00007ffdef132000 	C:\WINDOWS\SYSTEM32\DNSAPI.dll
0x00007ffdef000000 - 0x00007ffdef02d000 	C:\WINDOWS\SYSTEM32\IPHLPAPI.DLL
0x00007ffdf1ef0000 - 0x00007ffdf1ef9000 	C:\WINDOWS\System32\NSI.dll
0x00000000727f0000 - 0x0000000072816000 	C:\Program Files\Bonjour\mdnsNSP.dll
0x00007ffde6480000 - 0x00007ffde648a000 	C:\Windows\System32\rasadhlp.dll
0x00007ffde9380000 - 0x00007ffde9403000 	C:\WINDOWS\System32\fwpuclnt.dll
0x00007ffdefd00000 - 0x00007ffdefd1b000 	C:\WINDOWS\SYSTEM32\CRYPTSP.dll
0x00007ffdef4b0000 - 0x00007ffdef4e5000 	C:\WINDOWS\system32\rsaenh.dll
0x00007ffdefa50000 - 0x00007ffdefa78000 	C:\WINDOWS\SYSTEM32\USERENV.dll
0x00007ffdefce0000 - 0x00007ffdefcec000 	C:\WINDOWS\SYSTEM32\CRYPTBASE.dll
0x00007ffde7e10000 - 0x00007ffde7e1e000 	C:\Users\bibek\.jdks\openjdk-21\bin\sunmscapi.dll
0x00007ffdf08e0000 - 0x00007ffdf0a46000 	C:\WINDOWS\System32\CRYPT32.dll
0x00007ffdefe80000 - 0x00007ffdefead000 	C:\WINDOWS\SYSTEM32\ncrypt.dll
0x00007ffdefe40000 - 0x00007ffdefe77000 	C:\WINDOWS\SYSTEM32\NTASN1.dll
0x00007ffde00b0000 - 0x00007ffde00b8000 	C:\WINDOWS\system32\wshunix.dll

dbghelp: loaded successfully - version: 4.0.5 - missing functions: none
symbol engine: initialized successfully - sym options: 0x614 - pdb path: .;C:\Users\bibek\.jdks\openjdk-21\bin;C:\WINDOWS\SYSTEM32;C:\WINDOWS\WinSxS\amd64_microsoft.windows.common-controls_6595b64144ccf1df_6.0.22621.3672_none_2713b9d173822955;C:\Users\bibek\.jdks\openjdk-21\bin\server;C:\Program Files\JetBrains\IntelliJ IDEA Community Edition 2023.2.2\bin;C:\Program Files\Bonjour

VM Arguments:
jvm_args: -javaagent:C:\Program Files\JetBrains\IntelliJ IDEA Community Edition 2023.2.2\lib\idea_rt.jar=49537:C:\Program Files\JetBrains\IntelliJ IDEA Community Edition 2023.2.2\bin -Dfile.encoding=UTF-8 -Dsun.stdout.encoding=UTF-8 -Dsun.stderr.encoding=UTF-8 
java_command: weather.Weather
java_class_path (initial): D:\test\WEATHER\target\classes;C:\Users\bibek\.m2\repository\org\seleniumhq\selenium\selenium-chrome-driver\4.18.1\selenium-chrome-driver-4.18.1.jar;C:\Users\bibek\.m2\repository\com\google\auto\service\auto-service-annotations\1.1.1\auto-service-annotations-1.1.1.jar;C:\Users\bibek\.m2\repository\org\seleniumhq\selenium\selenium-api\4.18.1\selenium-api-4.18.1.jar;C:\Users\bibek\.m2\repository\org\seleniumhq\selenium\selenium-chromium-driver\4.18.1\selenium-chromium-driver-4.18.1.jar;C:\Users\bibek\.m2\repository\org\seleniumhq\selenium\selenium-json\4.18.1\selenium-json-4.18.1.jar;C:\Users\bibek\.m2\repository\org\seleniumhq\selenium\selenium-manager\4.18.1\selenium-manager-4.18.1.jar;C:\Users\bibek\.m2\repository\commons-io\commons-io\2.15.1\commons-io-2.15.1.jar;C:\Users\bibek\.m2\repository\org\seleniumhq\selenium\selenium-remote-driver\4.18.1\selenium-remote-driver-4.18.1.jar;C:\Users\bibek\.m2\repository\com\google\guava\guava\33.0.0-jre\guava-33.0.0-jre.jar;C:\Users\bibek\.m2\repository\com\google\guava\failureaccess\1.0.2\failureaccess-1.0.2.jar;C:\Users\bibek\.m2\repository\com\google\guava\listenablefuture\9999.0-empty-to-avoid-conflict-with-guava\listenablefuture-9999.0-empty-to-avoid-conflict-with-guava.jar;C:\Users\bibek\.m2\repository\com\google\code\findbugs\jsr305\3.0.2\jsr305-3.0.2.jar;C:\Users\bibek\.m2\repository\org\checkerframework\checker-qual\3.41.0\checker-qual-3.41.0.jar;C:\Users\bibek\.m2\repository\com\google\errorprone\error_prone_annotations\2.23.0\error_prone_annotations-2.23.0.jar;C:\Users\bibek\.m2\repository\com\google\j2objc\j2objc-annotations\2.8\j2objc-annotations-2.8.jar;C:\Users\bibek\.m2\repository\io\opentelemetry\semconv\opentelemetry-semconv\1.23.1-alpha\opentelemetry-semconv-1.23.1-alpha.jar;C:\Users\bibek\.m2\repository\io\opentelemetry\opentelemetry-api\1.35.0\opentelemetry-api-1.35.0.jar;C:\Users\bibek\.m2\repository\io\opentelemetry\opentelemetry-context\1.35.0\opentelemetry-context-1.35.0.jar;C:\Users\bibek\.m2\repository\io\opentelemetry\opentelemetry-exporter-logging\1.35.0\opentelemetry-exporter-logging-1.35.0.jar;C:\Users\bibek\.m2\repository\io\opentelemetry\opentelemetry-sdk-common\1.35.0\opentelemetry-sdk-common-1.35.0.jar;C:\Users\bibek\.m2\repository\io\opentelemetry\opentelemetry-sdk-extension-autoconfigure-spi\1.35.0\opentelemetry-sdk-extension-autoconfigure-spi-1.35.0.jar;C:\Users\bibek\.m2\repository\io\opentelemetry\opentelemetry-sdk-extension-autoconfigure\1.35.0\opentelemetry-sdk-extension-autoconfigure-1.35.0.jar;C:\Users\bibek\.m2\repository\io\opentelemetry\opentelemetry-api-events\1.35.0-alpha\opentelemetry-api-events-1.35.0-alpha.jar;C:\Users\bibek\.m2\repository\io\opentelemetry\opentelemetry-sdk-trace\1.35.0\opentelemetry-sdk-trace-1.35.0.jar;C:\Users\bibek\.m2\repository\io\opentelemetry\opentelemetry-extension-incubator\1.35.0-alpha\opentelemetry-extension-incubator-1.35.0-alpha.jar;C:\Users\bibek\.m2\repository\io\opentelemetry\opentelemetry-sdk\1.35.0\opentelemetry-sdk-1.35.0.jar;C:\Users\bibek\.m2\repository\io\opentelemetry\opentelemetry-sdk-metrics\1.35.0\opentelemetry-sdk-metrics-1.35.0.jar;C:\Users\bibek\.m2\repository\io\opentelemetry\opentelemetry-sdk-logs\1.35.0\opentelemetry-sdk-logs-1.35.0.jar;C:\Users\bibek\.m2\repository\net\bytebuddy\byte-buddy\1.14.12\byte-buddy-1.14.12.jar;C:\Users\bibek\.m2\repository\org\seleniumhq\selenium\selenium-http\4.18.1\selenium-http-4.18.1.jar;C:\Users\bibek\.m2\repository\dev\failsafe\failsafe\3.3.2\failsafe-3.3.2.jar;C:\Users\bibek\.m2\repository\org\seleniumhq\selenium\selenium-os\4.18.1\selenium-os-4.18.1.jar;C:\Users\bibek\.m2\repository\org\apache\commons\commons-exec\1.3\commons-exec-1.3.jar;C:\Users\bibek\.m2\repository\org\seleniumhq\selenium\selenium-support\4.18.1\selenium-support-4.18.1.jar;C:\Users\bibek\.m2\repository\org\seleniumhq\selenium\selenium-edge-driver\4.18.1\selenium-edge-driver-4.18.1.jar;C:\Users\bibek\.m2\repository\org\seleniumhq\selenium\selenium-firefox-driver\4.18.1\selenium-firefox-driver-4.18.1.jar;C:\Users\bibek\.m2\repository\org\seleniumhq\selenium\selenium-devtools-v85\4.18.1\selenium-devtools-v85-4.18.1.jar;C:\Users\bibek\.m2\repository\org\testng\testng\7.9.0\testng-7.9.0.jar;C:\Users\bibek\.m2\repository\org\slf4j\slf4j-api\1.7.36\slf4j-api-1.7.36.jar;C:\Users\bibek\.m2\repository\com\beust\jcommander\1.82\jcommander-1.82.jar;C:\Users\bibek\.m2\repository\org\webjars\jquery\3.7.1\jquery-3.7.1.jar
Launcher Type: SUN_STANDARD

[Global flags]
     intx CICompilerCount                          = 4                                         {product} {ergonomic}
     uint ConcGCThreads                            = 2                                         {product} {ergonomic}
     uint G1ConcRefinementThreads                  = 8                                         {product} {ergonomic}
   size_t G1HeapRegionSize                         = 2097152                                   {product} {ergonomic}
    uintx GCDrainStackTargetSize                   = 64                                        {product} {ergonomic}
   size_t InitialHeapSize                          = 266338304                                 {product} {ergonomic}
   size_t MarkStackSize                            = 4194304                                   {product} {ergonomic}
   size_t MaxHeapSize                              = 4259315712                                {product} {ergonomic}
   size_t MaxNewSize                               = 2554331136                                {product} {ergonomic}
   size_t MinHeapDeltaBytes                        = 2097152                                   {product} {ergonomic}
   size_t MinHeapSize                              = 8388608                                   {product} {ergonomic}
    uintx NonNMethodCodeHeapSize                   = 5839372                                {pd product} {ergonomic}
    uintx NonProfiledCodeHeapSize                  = 122909434                              {pd product} {ergonomic}
    uintx ProfiledCodeHeapSize                     = 122909434                              {pd product} {ergonomic}
    uintx ReservedCodeCacheSize                    = 251658240                              {pd product} {ergonomic}
     bool SegmentedCodeCache                       = true                                      {product} {ergonomic}
   size_t SoftMaxHeapSize                          = 4259315712                             {manageable} {ergonomic}
     bool UseCompressedOops                        = true                           {product lp64_product} {ergonomic}
     bool UseG1GC                                  = true                                      {product} {ergonomic}
     bool UseLargePagesIndividualAllocation        = false                                  {pd product} {ergonomic}

Logging:
Log output configuration:
 #0: stdout all=warning uptime,level,tags foldmultilines=false
 #1: stderr all=off uptime,level,tags foldmultilines=false

Environment Variables:
JAVA_HOME=C:\Program Files\Java\jdk-20
PATH=C:\Program Files\Common Files\Oracle\Java\javapath;C:\WINDOWS\system32;C:\WINDOWS;C:\WINDOWS\System32\Wbem;C:\WINDOWS\System32\WindowsPowerShell\v1.0\;C:\WINDOWS\System32\OpenSSH\;C:\Program Files\k6\;C:\Program Files\nodejs\;C:\Program Files\Git\cmd;C:\Program Files\Java\jdk-20\bin;C:\Maven\apache-maven-3.9.6-bin\apache-maven-3.9.6\bin;C:\Program Files (x86)\Microsoft SQL Server\160\Tools\Binn\;C:\Program Files\Microsoft SQL Server\160\Tools\Binn\;C:\Program Files\Microsoft SQL Server\Client SDK\ODBC\170\Tools\Binn\;C:\Program Files\Microsoft SQL Server\160\DTS\Binn\;C:\Program Files (x86)\Microsoft SQL Server\160\DTS\Binn\;C:\Users\bibek\AppData\Local\Microsoft\WindowsApps;C:\Program Files\JetBrains\IntelliJ IDEA Community Edition 2023.2.2\bin;;C:\Users\bibek\AppData\Local\Programs\Microsoft VS Code\bin;C:\Users\bibek\AppData\Roaming\npm;"C:\flutter\flutter\bin";C:\Users\bibek\AppData\Local\GitHubDesktop\bin
USERNAME=bibek
OS=Windows_NT
PROCESSOR_IDENTIFIER=Intel64 Family 6 Model 142 Stepping 10, GenuineIntel
TMP=C:\Users\bibek\AppData\Local\Temp
TEMP=C:\Users\bibek\AppData\Local\Temp




---------------  S Y S T E M  ---------------

OS:
 Windows 11 , 64 bit Build 22621 (10.0.22621.3958)
OS uptime: 20 days 0:47 hours
Hyper-V role detected

CPU: total 8 (initial active 8) (4 cores per cpu, 2 threads per core) family 6 model 142 stepping 10 microcode 0xf0, cx8, cmov, fxsr, ht, mmx, 3dnowpref, sse, sse2, sse3, ssse3, sse4.1, sse4.2, popcnt, lzcnt, tsc, tscinvbit, avx, avx2, aes, erms, clmul, bmi1, bmi2, adx, fma, vzeroupper, clflush, clflushopt, hv, rdtscp, f16c
Processor Information for all 8 processors :
  Max Mhz: 1801, Current Mhz: 1801, Mhz Limit: 1801

Memory: 4k page, system-wide physical 16243M (254M free)
TotalPageFile size 30172M (AvailPageFile size 0M)
current process WorkingSet (physical memory assigned to process): 105M, peak: 105M
current process commit charge ("private bytes"): 374M, peak: 374M

vm_info: OpenJDK 64-Bit Server VM (21+35-2513) for windows-amd64 JRE (21+35-2513), built on 2023-08-09T20:25:10Z by "mach5one" with MS VC++ 17.1 (VS2022)

END.
